::::::::::::::
stl-template-list.cpp
::::::::::::::
// $Id: stl-template-list.cpp,v 1.1 2016-07-05 18:20:37-07 - - $

#include <iostream>
#include <list>
using namespace std;

int main() {
   list<int> li = {1, 2, 3, 4, 5};
   int maxcount = 20;
   cout << &li << "[" << sizeof li << "]" << endl;
   cout << "li.cbegin() = " << &*li.cbegin() << endl;
   cout << "li.cend() = " << &*li.cend() << endl;
   for (auto i = li.cbegin(); maxcount-- > 0; ++i) {
      cout << &*i << " -> " << *i << endl;
   }
}

//TEST// stl-template-list >stl-template-list.out 2>&1
//TEST// more stl-template-list.cpp stl-template-list.out \
//TEST//      >stl-template-list.lis 2>&1 </dev/null
//TEST// mkpspdf stl-template-list.ps stl-template-list.lis

::::::::::::::
stl-template-list.out
::::::::::::::
0x7ffe22dbbfd0[16]
li.cbegin() = 0x1c26040
li.cend() = 0x7ffe22dbbfe0
0x1c26040 -> 1
0x1c26060 -> 2
0x1c26080 -> 3
0x1c260a0 -> 4
0x1c260c0 -> 5
0x7ffe22dbbfe0 -> 584826864
0x1c26040 -> 1
0x1c26060 -> 2
0x1c26080 -> 3
0x1c260a0 -> 4
0x1c260c0 -> 5
0x7ffe22dbbfe0 -> 584826864
0x1c26040 -> 1
0x1c26060 -> 2
0x1c26080 -> 3
0x1c260a0 -> 4
0x1c260c0 -> 5
0x7ffe22dbbfe0 -> 584826864
0x1c26040 -> 1
0x1c26060 -> 2
